<?xml version="1.0" encoding="UTF-8"?>
<!-- Generated by org.testng.reporters.JUnitReportReporter -->
<testsuite hostname="ip-172-31-29-113" failures="0" tests="2" name="testcases.LoginTest" time="16.961" errors="0" timestamp="12 Jan 2024 19:22:27 GMT" skipped="0">
  <testcase classname="testcases.LoginTest" name="LoginSuccessTest" time="7.090"/>
  <testcase classname="testcases.LoginTest" name="LoginFailiureTest" time="9.871"/>
</testsuite> <!-- testcases.LoginTest -->
