<?xml version="1.0" encoding="UTF-8"?>
<!-- Generated by org.testng.reporters.JUnitReportReporter -->
<testsuite hostname="ip-172-31-29-113" failures="0" tests="1" name="testng.CardTest" time="2.782" errors="0" timestamp="2024-01-12T16:16:02 UTC" skipped="0">
  <testcase classname="testng.CardTest" name="TC01_CreditCardTest" time="2.782"/>
</testsuite> <!-- testng.CardTest -->
