<?xml version="1.0" encoding="UTF-8"?>
<!-- Generated by org.testng.reporters.JUnitReportReporter -->
<testsuite hostname="ip-172-31-29-113" failures="0" tests="1" name="testng.LoanTest" time="2.411" errors="0" timestamp="2024-01-12T16:16:02 UTC" skipped="0">
  <testcase classname="testng.LoanTest" name="TC01_HomeLoanTest" time="2.411"/>
</testsuite> <!-- testng.LoanTest -->
