<?xml version="1.0" encoding="UTF-8"?>
<!-- Generated by org.testng.reporters.JUnitReportReporter -->
<testsuite hostname="ip-172-31-29-113" failures="0" tests="2" name="testcases.LoginTest" time="15.187" errors="0" timestamp="12 Jan 2024 19:05:31 GMT" skipped="0">
  <testcase classname="testcases.LoginTest" name="LoginFailiureTest" time="7.261"/>
  <testcase classname="testcases.LoginTest" name="LoginSuccessTest" time="7.926"/>
</testsuite> <!-- testcases.LoginTest -->
